[2021-07-02 17:31:43.357] [DEBUG] LoggerManager: logDebug() -> Start Application...
[2021-07-02 17:31:43.360] [DEBUG] LoggerManager: logDebug() -> Init >> Start
[2021-07-02 17:31:43.361] [INFO] FileManager: initFileManager() -> Init >> All Configs...
[2021-07-02 17:31:43.363] [INFO] FileManager: initFileManager() -> Init >> ApplicationConfig.json
[2021-07-02 17:31:43.364] [INFO] ConfigFile: init() -> FileSystem >> Load Local File to Memory >> ApplicationConfig.json
[2021-07-02 17:31:43.396] [DEBUG] LoggerManager: logDebug() -> Load Titanium Plugins
[2021-07-02 17:31:43.397] [DEBUG] LoggerManager: logDebug() -> Init >> End
[2021-07-02 17:31:43.397] [DEBUG] LoggerManager: logDebug() -> JavaFX Application >> Launch
[2021-07-02 17:31:48.177] [DEBUG] LoggerManager: logDebug() -> Shutdown >> Start
[2021-07-02 17:31:48.178] [DEBUG] LoggerManager: logDebug() -> Shutdown >> End
[2021-07-02 17:31:48.178] [DEBUG] LoggerManager: logDebug() -> End Application...
[2021-07-02 17:31:51.508] [DEBUG] LoggerManager: logDebug() -> Start Application...
[2021-07-02 17:31:51.511] [DEBUG] LoggerManager: logDebug() -> Init >> Start
[2021-07-02 17:31:51.511] [INFO] FileManager: initFileManager() -> Init >> All Configs...
[2021-07-02 17:31:51.513] [INFO] FileManager: initFileManager() -> Init >> ApplicationConfig.json
[2021-07-02 17:31:51.515] [INFO] ConfigFile: init() -> FileSystem >> Load Local File to Memory >> ApplicationConfig.json
[2021-07-02 17:31:51.544] [DEBUG] LoggerManager: logDebug() -> Load Titanium Plugins
[2021-07-02 17:31:51.546] [DEBUG] LoggerManager: logDebug() -> Init >> End
[2021-07-02 17:31:51.546] [DEBUG] LoggerManager: logDebug() -> JavaFX Application >> Launch
[2021-07-02 17:31:57.915] [DEBUG] LoggerManager: logDebug() -> Shutdown >> Start
[2021-07-02 17:31:57.915] [DEBUG] LoggerManager: logDebug() -> Shutdown >> End
[2021-07-02 17:31:57.915] [DEBUG] LoggerManager: logDebug() -> End Application...
